<?xml version="1.0" encoding="UTF-8"?>
<testng-results total="1" passed="1" failed="0" skipped="0">
  <reporter-output>
  </reporter-output>
  <suite started-at="2026-05-24T00:15:18Z" name="Surefire suite" finished-at="2026-05-24T00:15:54Z" duration-ms="35912">
    <groups>
    </groups>
    <test started-at="2026-05-24T00:15:18Z" name="Surefire test" finished-at="2026-05-24T00:15:54Z" duration-ms="35912">
      <class name="AdrianOrdonez.RegistrarGlucosaTest">
        <test-method is-config="true" signature="setDriver()[pri:0, instance:AdrianOrdonez.RegistrarGlucosaTest@3d3fcdb0]" started-at="2026-05-23T20:15:18Z" name="setDriver" finished-at="2026-05-23T20:15:20Z" duration-ms="2359" status="PASS">
          <reporter-output>
          </reporter-output>
        </test-method> <!-- setDriver -->
        <test-method signature="registrarGlucosa()[pri:0, instance:AdrianOrdonez.RegistrarGlucosaTest@3d3fcdb0]" started-at="2026-05-23T20:15:20Z" name="registrarGlucosa" finished-at="2026-05-23T20:15:53Z" duration-ms="32505" status="PASS">
          <reporter-output>
          </reporter-output>
        </test-method> <!-- registrarGlucosa -->
        <test-method is-config="true" signature="closeDriver()[pri:0, instance:AdrianOrdonez.RegistrarGlucosaTest@3d3fcdb0]" started-at="2026-05-23T20:15:53Z" name="closeDriver" finished-at="2026-05-23T20:15:54Z" duration-ms="1040" status="PASS">
          <reporter-output>
          </reporter-output>
        </test-method> <!-- closeDriver -->
      </class> <!-- AdrianOrdonez.RegistrarGlucosaTest -->
    </test> <!-- Surefire test -->
  </suite> <!-- Surefire suite -->
</testng-results>
