<?xml version="1.0" encoding="UTF-8"?>
<testng-results total="1" passed="1" failed="0" skipped="0">
  <reporter-output>
  </reporter-output>
  <suite started-at="2026-06-08T23:13:30Z" name="Surefire suite" finished-at="2026-06-08T23:13:53Z" duration-ms="22863">
    <groups>
    </groups>
    <test started-at="2026-06-08T23:13:30Z" name="Surefire test" finished-at="2026-06-08T23:13:53Z" duration-ms="22863">
      <class name="AdrianaAlvarez.VerRegistroSinAlertaTest">
        <test-method is-config="true" signature="setDriver()[pri:0, instance:AdrianaAlvarez.VerRegistroSinAlertaTest@df27fae]" started-at="2026-06-08T19:13:30Z" name="setDriver" finished-at="2026-06-08T19:13:32Z" duration-ms="1486" status="PASS">
          <reporter-output>
          </reporter-output>
        </test-method> <!-- setDriver -->
        <test-method signature="deberiaMostrarModalDetalleDeRegistroSinAlerta()[pri:0, instance:AdrianaAlvarez.VerRegistroSinAlertaTest@df27fae]" started-at="2026-06-08T19:13:32Z" name="deberiaMostrarModalDetalleDeRegistroSinAlerta" finished-at="2026-06-08T19:13:53Z" duration-ms="21056" status="PASS">
          <reporter-output>
          </reporter-output>
        </test-method> <!-- deberiaMostrarModalDetalleDeRegistroSinAlerta -->
        <test-method is-config="true" signature="closeDriver()[pri:0, instance:AdrianaAlvarez.VerRegistroSinAlertaTest@df27fae]" started-at="2026-06-08T19:13:53Z" name="closeDriver" finished-at="2026-06-08T19:13:53Z" duration-ms="311" status="PASS">
          <reporter-output>
          </reporter-output>
        </test-method> <!-- closeDriver -->
      </class> <!-- AdrianaAlvarez.VerRegistroSinAlertaTest -->
    </test> <!-- Surefire test -->
  </suite> <!-- Surefire suite -->
</testng-results>
